{
  "RSpec": {
    "coverage": {
      "/home/mukha/RubyProjects/elasticsearch_stady/elasticsearch_stady/app/helpers/application_helper.rb": {
        "lines": [
          1,
          null
        ]
      },
      "/home/mukha/RubyProjects/elasticsearch_stady/elasticsearch_stady/app/models/user.rb": {
        "lines": [
          1,
          null
        ]
      },
      "/home/mukha/RubyProjects/elasticsearch_stady/elasticsearch_stady/app/models/application_record.rb": {
        "lines": [
          1,
          1,
          null
        ]
      },
      "/home/mukha/RubyProjects/elasticsearch_stady/elasticsearch_stady/app/mailers/application_mailer.rb": {
        "lines": [
          0,
          0,
          0,
          0
        ],
        "branches": {
        }
      },
      "/home/mukha/RubyProjects/elasticsearch_stady/elasticsearch_stady/app/jobs/application_job.rb": {
        "lines": [
          0,
          null,
          null,
          null,
          null,
          null,
          0
        ],
        "branches": {
        }
      },
      "/home/mukha/RubyProjects/elasticsearch_stady/elasticsearch_stady/app/controllers/application_controller.rb": {
        "lines": [
          0,
          0
        ],
        "branches": {
        }
      },
      "/home/mukha/RubyProjects/elasticsearch_stady/elasticsearch_stady/app/channels/application_cable/connection.rb": {
        "lines": [
          0,
          0,
          0,
          0
        ],
        "branches": {
        }
      },
      "/home/mukha/RubyProjects/elasticsearch_stady/elasticsearch_stady/app/channels/application_cable/channel.rb": {
        "lines": [
          0,
          0,
          0,
          0
        ],
        "branches": {
        }
      }
    },
    "timestamp": 1630928389
  }
}
